<?xml version="1.0" encoding="UTF-8"?>
<testsuite name="org.hyperskill.aquarium.Stage3UnitTest" tests="5" skipped="0" failures="0" errors="0" timestamp="2024-05-15T22:14:36" hostname="pop-os" time="5.023">
  <properties/>
  <testcase name="test00_checkViewPager" classname="org.hyperskill.aquarium.Stage3UnitTest" time="4.253"/>
  <testcase name="test01_whenOnPageZeroCheckNextOnce" classname="org.hyperskill.aquarium.Stage3UnitTest" time="0.172"/>
  <testcase name="test02_whenOnPageOneCheckPreviousOnce" classname="org.hyperskill.aquarium.Stage3UnitTest" time="0.175"/>
  <testcase name="test02_whenOnPageZeroCheckNextUntilLastPage" classname="org.hyperskill.aquarium.Stage3UnitTest" time="0.244"/>
  <testcase name="test03_whenOnLastPageCheckPreviousUntilFirstPage" classname="org.hyperskill.aquarium.Stage3UnitTest" time="0.178"/>
  <system-out><![CDATA[Called loadFromPath(/system/framework/framework-res.apk, true); mode=binary sdk=29
resources.arsc in APK '/home/rennie/.m2/repository/org/robolectric/android-all-instrumented/10-robolectric-5803371-i3/android-all-instrumented-10-robolectric-5803371-i3.jar' is compressed.
]]></system-out>
  <system-err><![CDATA[]]></system-err>
</testsuite>
